<<<<<<< HEAD
0 info it worked if it ends with ok
1 verbose cli [ 'c:\\Program Files (x86)\\nodejs\\node.exe',
1 verbose cli   'c:\\Program Files (x86)\\nodejs\\node_modules\\npm\\bin\\npm-cli.js',
1 verbose cli   'start' ]
2 info using npm@1.4.28
3 info using node@v0.10.36
4 verbose run-script [ 'prestart', 'start', 'poststart' ]
5 info prestart passport-mongo@0.0.1
6 info start passport-mongo@0.0.1
7 verbose unsafe-perm in lifecycle true
8 info passport-mongo@0.0.1 Failed to exec start script
9 error passport-mongo@0.0.1 start: `node ./bin/www`
9 error Exit status 8
10 error Failed at the passport-mongo@0.0.1 start script.
10 error This is most likely a problem with the passport-mongo package,
10 error not with npm itself.
10 error Tell the author that this fails on your system:
10 error     node ./bin/www
10 error You can get their info via:
10 error     npm owner ls passport-mongo
10 error There is likely additional logging output above.
11 error System Windows_NT 6.2.9200
12 error command "c:\\Program Files (x86)\\nodejs\\node.exe" "c:\\Program Files (x86)\\nodejs\\node_modules\\npm\\bin\\npm-cli.js" "start"
13 error cwd d:\webrtc-v1\Project1
14 error node -v v0.10.36
15 error npm -v 1.4.28
16 error code ELIFECYCLE
17 verbose exit [ 1, true ]
=======
0 info it worked if it ends with ok
1 verbose cli [ 'node', '/usr/local/bin/npm', 'start' ]
2 info using npm@2.7.5
3 info using node@v0.13.0-pre
4 verbose run-script [ 'prestart', 'start', 'poststart' ]
5 info prestart passport-mongo@0.0.1
6 info start passport-mongo@0.0.1
7 verbose unsafe-perm in lifecycle true
8 info passport-mongo@0.0.1 Failed to exec start script
9 verbose stack Error: Exit status 1
9 verbose stack     at EventEmitter.<anonymous> (/usr/local/lib/node_modules/npm/lib/utils/lifecycle.js:213:16)
9 verbose stack     at EventEmitter.emit (events.js:110:17)
9 verbose stack     at ChildProcess.<anonymous> (/usr/local/lib/node_modules/npm/lib/utils/spawn.js:14:12)
9 verbose stack     at ChildProcess.emit (events.js:110:17)
9 verbose stack     at maybeClose (child_process.js:1000:16)
9 verbose stack     at Process.ChildProcess._handle.onexit (child_process.js:1072:5)
10 verbose pkgid passport-mongo@0.0.1
11 verbose cwd /home/nikita/Desktop/Project
12 error Linux 3.13.0-37-generic
13 error argv "node" "/usr/local/bin/npm" "start"
14 error node v0.13.0-pre
15 error npm  v2.7.5
16 error code ELIFECYCLE
17 error passport-mongo@0.0.1 start: `node ./bin/www`
17 error Exit status 1
18 error Failed at the passport-mongo@0.0.1 start script 'node ./bin/www'.
18 error This is most likely a problem with the passport-mongo package,
18 error not with npm itself.
18 error Tell the author that this fails on your system:
18 error     node ./bin/www
18 error You can get their info via:
18 error     npm owner ls passport-mongo
18 error There is likely additional logging output above.
19 verbose exit [ 1, true ]
>>>>>>> 57f3b122b5b3b8c032c2d4a752fab2a73ca4ef58
